2024-07-29 08:31:05,540 - Se inicia el proceso de selección del personaje principal
2024-07-29 08:31:05,540 - Se selecciona el personaje principal
2024-07-29 08:31:05,541 - El personaje principal es: Ana
2024-07-29 08:31:05,541 - Se encuentra en: Recamara
2024-07-29 08:31:05,541 - Estado de seguridad: Inseguro
2024-07-29 08:31:05,541 - Se inicia el proceso de creación de metas
2024-07-29 08:31:05,541 - Se crean las metas
2024-07-29 08:31:05,541 - Meta Pre: Mover al personaje a adentro del baño
2024-07-29 08:31:05,542 - Meta End: Bloquear la puerta del baño para estar a salvo
2024-07-29 08:31:05,542 - Se inicia la narración de la historia
2024-07-29 08:31:05,542 - Personaje principal: Ana
2024-07-29 08:31:05,542 - Meta actual: Mover al personaje a adentro del baño
2024-07-29 08:31:05,543 - Se inicia la ejecución del plan
2024-07-29 08:31:05,543 - Plan: Mover al personaje a adentro del baño
2024-07-29 08:31:05,543 - Ubicación actual: recamara
2024-07-29 08:31:05,543 - Se cumple la precondición
2024-07-29 08:31:05,544 - Precondición: Debe de estar en la Recamara
2024-07-29 08:31:05,544 - Acción: Caminar hacia el inicio del pasillo
2024-07-29 08:31:05,544 - Acción seleccionada: Caminar hacia el inicio del pasillo
2024-07-29 08:31:05,545 - Se actualiza la ubicación (ESTADO) del personaje principal
2024-07-29 08:31:05,545 - Ubicación actual: Inicio del pasillo
2024-07-29 08:31:05,545 - Se inicia la ejecución del plan
2024-07-29 08:31:05,545 - Plan: Mover al personaje a adentro del baño
2024-07-29 08:31:05,545 - Ubicación actual: inicio del pasillo
2024-07-29 08:31:05,545 - Se cumple la precondición
2024-07-29 08:31:05,545 - Precondición: Debe de estar al inicio del pasillo
2024-07-29 08:31:05,545 - Acción: Caminar hacia el final del pasillo
2024-07-29 08:31:05,546 - Acción seleccionada: Caminar hacia el final del pasillo
2024-07-29 08:31:05,546 - Se actualiza la ubicación (ESTADO) del personaje principal
2024-07-29 08:31:05,546 - Ubicación actual: Final del pasillo
2024-07-29 08:31:05,546 - Se inicia la ejecución del plan
2024-07-29 08:31:05,547 - Plan: Mover al personaje a adentro del baño
2024-07-29 08:31:05,547 - Ubicación actual: final del pasillo
2024-07-29 08:31:05,547 - Se cumple la precondición
2024-07-29 08:31:05,547 - Precondición: Debe de estar al final del pasillo
2024-07-29 08:31:05,547 - Acción: Caminar hacia el inicio del pasillo
2024-07-29 08:31:05,547 - Se cumple la precondición
2024-07-29 08:31:05,547 - Precondición: Debe de estar al final del pasillo
2024-07-29 08:31:05,547 - Acción: Entrar al baño
2024-07-29 08:31:05,560 - Acción seleccionada: Caminar hacia el inicio del pasillo
2024-07-29 08:31:05,560 - Se actualiza la ubicación (ESTADO) del personaje principal
2024-07-29 08:31:05,560 - Ubicación actual: Inicio del pasillo
2024-07-29 08:31:05,561 - Se inicia la ejecución del plan
2024-07-29 08:31:05,561 - Plan: Mover al personaje a adentro del baño
2024-07-29 08:31:05,561 - Ubicación actual: inicio del pasillo
2024-07-29 08:31:05,561 - Se cumple la precondición
2024-07-29 08:31:05,561 - Precondición: Debe de estar al inicio del pasillo
2024-07-29 08:31:05,561 - Acción: Caminar hacia el final del pasillo
2024-07-29 08:31:05,562 - Acción seleccionada: Caminar hacia el final del pasillo
2024-07-29 08:31:05,562 - Se actualiza la ubicación (ESTADO) del personaje principal
2024-07-29 08:31:05,562 - Ubicación actual: Final del pasillo
2024-07-29 08:31:05,562 - Se inicia la ejecución del plan
2024-07-29 08:31:05,562 - Plan: Mover al personaje a adentro del baño
2024-07-29 08:31:05,562 - Ubicación actual: final del pasillo
2024-07-29 08:31:05,563 - Se cumple la precondición
2024-07-29 08:31:05,563 - Precondición: Debe de estar al final del pasillo
2024-07-29 08:31:05,563 - Acción: Caminar hacia el inicio del pasillo
2024-07-29 08:31:05,563 - Se cumple la precondición
2024-07-29 08:31:05,563 - Precondición: Debe de estar al final del pasillo
2024-07-29 08:31:05,563 - Acción: Entrar al baño
2024-07-29 08:31:05,564 - Acción seleccionada: Entrar al baño
2024-07-29 08:31:05,564 - Se actualiza la ubicación (ESTADO) del personaje principal
2024-07-29 08:31:05,565 - Ubicación actual: Baño
2024-07-29 08:31:05,565 - Se inicia la ejecución del plan
2024-07-29 08:31:05,565 - Plan: Bloquear la puerta del baño para estar a salvo
2024-07-29 08:31:05,565 - Ubicación actual: baño
2024-07-29 08:31:05,565 - Se cumple la precondición
2024-07-29 08:31:05,565 - Precondición: Debe de estar adentro del baño
2024-07-29 08:31:05,565 - Acción: Bloquear la puerta del baño
2024-07-29 08:31:05,566 - Acción seleccionada: Bloquear la puerta del baño
2024-07-29 08:31:05,566 - Se actualiza la ubicación (ESTADO) del personaje principal
2024-07-29 08:31:05,566 - Ubicación actual: Baño
2024-07-29 08:31:05,566 - Se cumple la meta
2024-07-29 08:31:05,566 - Personaje principal seguro
2024-07-29 08:31:05,566 - Fin de la historia
